<?xml version="1.0" encoding="UTF-8"?>
<!-- Generated by org.testng.reporters.JUnitXMLReporter -->
<testsuite ignored="1" hostname="DESKTOP-GE4QGGA" failures="0" tests="2" name="Default test" time="15.044" errors="0" timestamp="2024-06-22T18:33:46 IST">
  <testcase classname="testcases.Login_TestNG" name="LaunchBrowser" time="3.652"/>
  <testcase classname="testcases.Login_TestNG" name="Login_PF" time="11.299"/>
  <testcase classname="testcases.Login_TestNG" name="Login" time="0.0">
    <ignored/>
  </testcase> <!-- Login -->
</testsuite> <!-- Default test -->
