<?xml version="1.0" encoding="UTF-8"?>
<!-- Generated by org.testng.reporters.JUnitXMLReporter -->
<testsuite ignored="0" hostname="DESKTOP-GE4QGGA" failures="0" tests="3" name="Default test" time="29.913" errors="0" timestamp="2024-07-02T10:06:46 IST">
  <testcase classname="selenium_module_3.Assignment1" name="login" time="11.583"/>
  <testcase classname="selenium_module_3.Assignment1" name="login" time="7.897"/>
  <testcase classname="selenium_module_3.Assignment1" name="login" time="7.017"/>
</testsuite> <!-- Default test -->
