<?xml version="1.0" encoding="UTF-8"?>
<!-- Generated by org.testng.reporters.JUnitXMLReporter -->
<testsuite ignored="2" hostname="DESKTOP-GE4QGGA" failures="0" tests="5" name="Test" time="0.121" errors="0" timestamp="2024-06-19T22:09:15 IST">
  <testcase classname="selenium_TestNG.TestNG_groups" name="test" time="0.018"/>
  <testcase classname="selenium_TestNG.TestNG_groups" name="test1" time="0.005"/>
  <testcase classname="selenium_TestNG.TestNG_groups" name="test2" time="0.002"/>
  <testcase classname="selenium_TestNG.TestNG_groups" name="test5" time="0.002"/>
  <testcase classname="selenium_TestNG.TestNG_groups" name="test6" time="0.006"/>
  <testcase classname="selenium_TestNG.TestNG_groups" name="test3" time="0.0">
    <ignored/>
  </testcase> <!-- test3 -->
  <testcase classname="selenium_TestNG.TestNG_groups" name="test4" time="0.0">
    <ignored/>
  </testcase> <!-- test4 -->
</testsuite> <!-- Test -->
