<?xml version="1.0" encoding="UTF-8"?>
<testng-results ignored="0" total="3" passed="3" failed="0" skipped="0">
  <reporter-output>
  </reporter-output>
  <suite started-at="2024-07-02T10:06:16 IST" name="Default suite" finished-at="2024-07-02T10:06:46 IST" duration-ms="29913">
    <groups>
    </groups>
    <test started-at="2024-07-02T10:06:16 IST" name="Default test" finished-at="2024-07-02T10:06:46 IST" duration-ms="29913">
      <class name="selenium_module_3.Assignment1">
        <test-method is-config="true" signature="DriverInitialization()[pri:0, instance:selenium_module_3.Assignment1@1a482e36]" started-at="2024-07-02T10:06:16 IST" name="DriverInitialization" finished-at="2024-07-02T10:06:19 IST" duration-ms="3323" status="PASS">
          <reporter-output>
          </reporter-output>
        </test-method> <!-- DriverInitialization -->
        <test-method signature="login(java.lang.String,java.lang.String)[pri:0, instance:selenium_module_3.Assignment1@1a482e36]" started-at="2024-07-02T10:06:19 IST" name="login" data-provider="dataset" finished-at="2024-07-02T10:06:31 IST" duration-ms="11583" status="PASS">
          <params>
            <param index="0">
              <value>
                <![CDATA[Admin]]>
              </value>
            </param>
            <param index="1">
              <value>
                <![CDATA[admin123]]>
              </value>
            </param>
          </params>
          <reporter-output>
          </reporter-output>
        </test-method> <!-- login -->
        <test-method signature="login(java.lang.String,java.lang.String)[pri:0, instance:selenium_module_3.Assignment1@1a482e36]" started-at="2024-07-02T10:06:31 IST" name="login" data-provider="dataset" finished-at="2024-07-02T10:06:39 IST" duration-ms="7897" status="PASS">
          <params>
            <param index="0">
              <value>
                <![CDATA[username2]]>
              </value>
            </param>
            <param index="1">
              <value>
                <![CDATA[pwd2]]>
              </value>
            </param>
          </params>
          <reporter-output>
          </reporter-output>
        </test-method> <!-- login -->
        <test-method signature="login(java.lang.String,java.lang.String)[pri:0, instance:selenium_module_3.Assignment1@1a482e36]" started-at="2024-07-02T10:06:39 IST" name="login" data-provider="dataset" finished-at="2024-07-02T10:06:46 IST" duration-ms="7017" status="PASS">
          <params>
            <param index="0">
              <value>
                <![CDATA[username3]]>
              </value>
            </param>
            <param index="1">
              <value>
                <![CDATA[pwd3]]>
              </value>
            </param>
          </params>
          <reporter-output>
          </reporter-output>
        </test-method> <!-- login -->
      </class> <!-- selenium_module_3.Assignment1 -->
    </test> <!-- Default test -->
  </suite> <!-- Default suite -->
</testng-results>
