<?xml version="1.0" encoding="UTF-8"?>
<testng-results ignored="0" total="2" passed="2" failed="0" skipped="0">
  <reporter-output>
  </reporter-output>
  <suite started-at="2024-06-22T18:33:31 IST" name="Default suite" finished-at="2024-06-22T18:33:46 IST" duration-ms="15044">
    <groups>
    </groups>
    <test started-at="2024-06-22T18:33:31 IST" name="Default test" finished-at="2024-06-22T18:33:46 IST" duration-ms="15044">
      <class name="testcases.Login_TestNG">
        <test-method signature="LaunchBrowser()[pri:0, instance:testcases.Login_TestNG@65fb9ffc]" started-at="2024-06-22T18:33:31 IST" name="LaunchBrowser" finished-at="2024-06-22T18:33:35 IST" duration-ms="3652" status="PASS">
          <reporter-output>
          </reporter-output>
        </test-method> <!-- LaunchBrowser -->
        <test-method signature="Login_PF()[pri:0, instance:testcases.Login_TestNG@65fb9ffc]" started-at="2024-06-22T18:33:35 IST" name="Login_PF" finished-at="2024-06-22T18:33:46 IST" duration-ms="11299" status="PASS">
          <reporter-output>
          </reporter-output>
        </test-method> <!-- Login_PF -->
      </class> <!-- testcases.Login_TestNG -->
    </test> <!-- Default test -->
  </suite> <!-- Default suite -->
</testng-results>
